  assignmentTests.cpp
  Date.cpp
C:\Users\ckdev\OneDrive\Desktop\School Stuff\Classes\Term 2\C++\1205 Solution\EmployeeInheritance\BaseEmployee.h(55,141): error C2039: 'to_string': is not a member of 'Date'
C:\Users\ckdev\OneDrive\Desktop\School Stuff\Classes\Term 2\C++\1205 Solution\EmployeeInheritance\BaseEmployee.h(73,20): error C2660: 'Date::yearsEmployed': function does not take 0 arguments
C:\Users\ckdev\OneDrive\Desktop\School Stuff\Classes\Term 2\C++\1205 Solution\EmployeeInheritance\BaseEmployee.h(78,141): error C2039: 'to_string': is not a member of 'Date'
C:\Users\ckdev\OneDrive\Desktop\School Stuff\Classes\Term 2\C++\1205 Solution\EmployeeInheritance\BaseEmployee.h(103,19): error C2678: binary '>>': no operator found which takes a left-hand operand of type 'std::basic_istream<char,std::char_traits<char>>' (or there is no acceptable conversion)
C:\Users\ckdev\OneDrive\Desktop\School Stuff\Classes\Term 2\C++\1205 Solution\EmployeeInheritance\BaseEmployee.h(106,4): error C2679: binary '>>': no operator found which takes a right-hand operand of type 'const std::string' (or there is no acceptable conversion)
C:\Users\ckdev\OneDrive\Desktop\School Stuff\Classes\Term 2\C++\1205 Solution\EmployeeInheritance\BaseEmployee.h(109,4): error C2679: binary '>>': no operator found which takes a right-hand operand of type 'const std::string' (or there is no acceptable conversion)
C:\Users\ckdev\OneDrive\Desktop\School Stuff\Classes\Term 2\C++\1205 Solution\EmployeeInheritance\BaseEmployee.h(112,4): error C2679: binary '>>': no operator found which takes a right-hand operand of type 'const Date' (or there is no acceptable conversion)
C:\Users\ckdev\OneDrive\Desktop\School Stuff\Classes\Term 2\C++\1205 Solution\EmployeeInheritance\BaseEmployee.h(115,4): error C2679: binary '>>': no operator found which takes a right-hand operand of type 'const PhoneNumber' (or there is no acceptable conversion)
C:\Users\ckdev\OneDrive\Desktop\School Stuff\Classes\Term 2\C++\1205 Solution\EmployeeInheritance\SalaryCommisionEmployee.h(41,52): error C4430: missing type specifier - int assumed. Note: C++ does not support default-int
C:\Users\ckdev\OneDrive\Desktop\School Stuff\Classes\Term 2\C++\1205 Solution\EmployeeInheritance\SalaryCommisionEmployee.h(41,81): error C2143: syntax error: missing ',' before '*'
C:\Users\ckdev\OneDrive\Desktop\School Stuff\Classes\Term 2\C++\1205 Solution\EmployeeInheritance\SalaryCommisionEmployee.h(49,52): error C2061: syntax error: identifier 'SalaryCommisionEmployee'
C:\Users\ckdev\OneDrive\Desktop\School Stuff\Classes\Term 2\C++\1205 Solution\EmployeeInheritance\SalaryCommisionEmployee.h(49,23): error C2805: binary 'operator >>' has too few parameters
C:\Users\ckdev\OneDrive\Desktop\School Stuff\Classes\Term 2\C++\1205 Solution\EmployeeInheritance\SalaryCommisionEmployee.h(53,1): error C2059: syntax error: '}'
C:\Users\ckdev\OneDrive\Desktop\School Stuff\Classes\Term 2\C++\1205 Solution\EmployeeInheritance\SalaryCommisionEmployee.h(53,1): error C2143: syntax error: missing ';' before '}'
C:\Users\ckdev\OneDrive\Desktop\School Stuff\Classes\Term 2\C++\1205 Solution\EmployeeInheritance\SalaryCommisionEmployee.h(44,9): error C2275: 'BaseEmployee': expected an expression instead of a type
C:\Users\ckdev\OneDrive\Desktop\School Stuff\Classes\Term 2\C++\1205 Solution\EmployeeInheritance\SalaryCommisionEmployee.h(44,23): error C2059: syntax error: '>'
C:\Users\ckdev\OneDrive\Desktop\School Stuff\Classes\Term 2\C++\1205 Solution\EmployeeInheritance\SalaryCommisionEmployee.h(45,25): error C2065: 'salComm': undeclared identifier
C:\Users\ckdev\OneDrive\Desktop\School Stuff\Classes\Term 2\C++\1205 Solution\EmployeeInheritance\assignmentTests.cpp(19,11): error C2079: 'file' uses undefined class 'std::basic_ifstream<char,std::char_traits<char>>'
C:\Users\ckdev\OneDrive\Desktop\School Stuff\Classes\Term 2\C++\1205 Solution\EmployeeInheritance\assignmentTests.cpp(19,15): error C2440: 'initializing': cannot convert from 'const char [17]' to 'int'
C:\Users\ckdev\OneDrive\Desktop\School Stuff\Classes\Term 2\C++\1205 Solution\EmployeeInheritance\assignmentTests.cpp(22,43): error C2059: syntax error: ';'
C:\Users\ckdev\OneDrive\Desktop\School Stuff\Classes\Term 2\C++\1205 Solution\EmployeeInheritance\assignmentTests.cpp(23,20): error C2065: 'aline': undeclared identifier
C:\Users\ckdev\OneDrive\Desktop\School Stuff\Classes\Term 2\C++\1205 Solution\EmployeeInheritance\assignmentTests.cpp(24,5): error C2143: syntax error: missing ';' before '>>'
C:\Users\ckdev\OneDrive\Desktop\School Stuff\Classes\Term 2\C++\1205 Solution\EmployeeInheritance\assignmentTests.cpp(24,2): error C4430: missing type specifier - int assumed. Note: C++ does not support default-int
C:\Users\ckdev\OneDrive\Desktop\School Stuff\Classes\Term 2\C++\1205 Solution\EmployeeInheritance\assignmentTests.cpp(24,2): error C2371: 'is': redefinition; different basic types
C:\Users\ckdev\OneDrive\Desktop\School Stuff\Classes\Term 2\C++\1205 Solution\EmployeeInheritance\assignmentTests.cpp(24,5): error C2059: syntax error: '>>'
C:\Users\ckdev\OneDrive\Desktop\School Stuff\Classes\Term 2\C++\1205 Solution\EmployeeInheritance\assignmentTests.cpp(25,5): error C3927: '->': trailing return type is not allowed after a non-function declarator
C:\Users\ckdev\OneDrive\Desktop\School Stuff\Classes\Term 2\C++\1205 Solution\EmployeeInheritance\assignmentTests.cpp(25,14): error C3484: syntax error: expected '->' before the return type
C:\Users\ckdev\OneDrive\Desktop\School Stuff\Classes\Term 2\C++\1205 Solution\EmployeeInheritance\assignmentTests.cpp(25,15): error C3613: missing return type after '->' ('int' assumed)
C:\Users\ckdev\OneDrive\Desktop\School Stuff\Classes\Term 2\C++\1205 Solution\EmployeeInheritance\assignmentTests.cpp(25,5): error C4430: missing type specifier - int assumed. Note: C++ does not support default-int
C:\Users\ckdev\OneDrive\Desktop\School Stuff\Classes\Term 2\C++\1205 Solution\EmployeeInheritance\assignmentTests.cpp(25,15): error C2146: syntax error: missing ';' before identifier 'push_back'
C:\Users\ckdev\OneDrive\Desktop\School Stuff\Classes\Term 2\C++\1205 Solution\EmployeeInheritance\assignmentTests.cpp(30,6): error C2143: syntax error: missing ';' before '<<'
C:\Users\ckdev\OneDrive\Desktop\School Stuff\Classes\Term 2\C++\1205 Solution\EmployeeInheritance\assignmentTests.cpp(30,2): error C4430: missing type specifier - int assumed. Note: C++ does not support default-int
C:\Users\ckdev\OneDrive\Desktop\School Stuff\Classes\Term 2\C++\1205 Solution\EmployeeInheritance\assignmentTests.cpp(30,6): error C2059: syntax error: '<<'
C:\Users\ckdev\OneDrive\Desktop\School Stuff\Classes\Term 2\C++\1205 Solution\EmployeeInheritance\assignmentTests.cpp(35,7): error C2143: syntax error: missing ';' before '<<'
C:\Users\ckdev\OneDrive\Desktop\School Stuff\Classes\Term 2\C++\1205 Solution\EmployeeInheritance\assignmentTests.cpp(35,2): error C4430: missing type specifier - int assumed. Note: C++ does not support default-int
C:\Users\ckdev\OneDrive\Desktop\School Stuff\Classes\Term 2\C++\1205 Solution\EmployeeInheritance\assignmentTests.cpp(35,2): error C2086: 'int cout': redefinition
C:\Users\ckdev\OneDrive\Desktop\School Stuff\Classes\Term 2\C++\1205 Solution\EmployeeInheritance\assignmentTests.cpp(35,7): error C2059: syntax error: '<<'
C:\Users\ckdev\OneDrive\Desktop\School Stuff\Classes\Term 2\C++\1205 Solution\EmployeeInheritance\assignmentTests.cpp(42,6): error C2143: syntax error: missing ';' before '<<'
C:\Users\ckdev\OneDrive\Desktop\School Stuff\Classes\Term 2\C++\1205 Solution\EmployeeInheritance\assignmentTests.cpp(42,2): error C4430: missing type specifier - int assumed. Note: C++ does not support default-int
C:\Users\ckdev\OneDrive\Desktop\School Stuff\Classes\Term 2\C++\1205 Solution\EmployeeInheritance\assignmentTests.cpp(42,2): error C2086: 'int cout': redefinition
C:\Users\ckdev\OneDrive\Desktop\School Stuff\Classes\Term 2\C++\1205 Solution\EmployeeInheritance\assignmentTests.cpp(42,6): error C2059: syntax error: '<<'
C:\Users\ckdev\OneDrive\Desktop\School Stuff\Classes\Term 2\C++\1205 Solution\EmployeeInheritance\assignmentTests.cpp(49,6): error C2143: syntax error: missing ';' before '<<'
C:\Users\ckdev\OneDrive\Desktop\School Stuff\Classes\Term 2\C++\1205 Solution\EmployeeInheritance\assignmentTests.cpp(49,2): error C4430: missing type specifier - int assumed. Note: C++ does not support default-int
C:\Users\ckdev\OneDrive\Desktop\School Stuff\Classes\Term 2\C++\1205 Solution\EmployeeInheritance\assignmentTests.cpp(49,2): error C2086: 'int cout': redefinition
C:\Users\ckdev\OneDrive\Desktop\School Stuff\Classes\Term 2\C++\1205 Solution\EmployeeInheritance\assignmentTests.cpp(49,6): error C2059: syntax error: '<<'
C:\Users\ckdev\OneDrive\Desktop\School Stuff\Classes\Term 2\C++\1205 Solution\EmployeeInheritance\assignmentTests.cpp(52,6): error C2143: syntax error: missing ';' before '<<'
C:\Users\ckdev\OneDrive\Desktop\School Stuff\Classes\Term 2\C++\1205 Solution\EmployeeInheritance\assignmentTests.cpp(52,2): error C4430: missing type specifier - int assumed. Note: C++ does not support default-int
C:\Users\ckdev\OneDrive\Desktop\School Stuff\Classes\Term 2\C++\1205 Solution\EmployeeInheritance\assignmentTests.cpp(52,2): error C2086: 'int cout': redefinition
C:\Users\ckdev\OneDrive\Desktop\School Stuff\Classes\Term 2\C++\1205 Solution\EmployeeInheritance\assignmentTests.cpp(52,6): error C2059: syntax error: '<<'
C:\Users\ckdev\OneDrive\Desktop\School Stuff\Classes\Term 2\C++\1205 Solution\EmployeeInheritance\assignmentTests.cpp(55,6): error C2143: syntax error: missing ';' before '<<'
C:\Users\ckdev\OneDrive\Desktop\School Stuff\Classes\Term 2\C++\1205 Solution\EmployeeInheritance\assignmentTests.cpp(55,2): error C4430: missing type specifier - int assumed. Note: C++ does not support default-int
C:\Users\ckdev\OneDrive\Desktop\School Stuff\Classes\Term 2\C++\1205 Solution\EmployeeInheritance\assignmentTests.cpp(55,2): error C2086: 'int cout': redefinition
C:\Users\ckdev\OneDrive\Desktop\School Stuff\Classes\Term 2\C++\1205 Solution\EmployeeInheritance\assignmentTests.cpp(55,6): error C2059: syntax error: '<<'
C:\Users\ckdev\OneDrive\Desktop\School Stuff\Classes\Term 2\C++\1205 Solution\EmployeeInheritance\assignmentTests.cpp(59,6): error C2143: syntax error: missing ';' before '<<'
C:\Users\ckdev\OneDrive\Desktop\School Stuff\Classes\Term 2\C++\1205 Solution\EmployeeInheritance\assignmentTests.cpp(59,2): error C4430: missing type specifier - int assumed. Note: C++ does not support default-int
C:\Users\ckdev\OneDrive\Desktop\School Stuff\Classes\Term 2\C++\1205 Solution\EmployeeInheritance\assignmentTests.cpp(59,2): error C2086: 'int cout': redefinition
C:\Users\ckdev\OneDrive\Desktop\School Stuff\Classes\Term 2\C++\1205 Solution\EmployeeInheritance\assignmentTests.cpp(59,6): error C2059: syntax error: '<<'
C:\Users\ckdev\OneDrive\Desktop\School Stuff\Classes\Term 2\C++\1205 Solution\EmployeeInheritance\assignmentTests.cpp(62,7): error C2143: syntax error: missing ';' before '<<'
C:\Users\ckdev\OneDrive\Desktop\School Stuff\Classes\Term 2\C++\1205 Solution\EmployeeInheritance\assignmentTests.cpp(62,2): error C4430: missing type specifier - int assumed. Note: C++ does not support default-int
C:\Users\ckdev\OneDrive\Desktop\School Stuff\Classes\Term 2\C++\1205 Solution\EmployeeInheritance\assignmentTests.cpp(62,2): error C2086: 'int cout': redefinition
C:\Users\ckdev\OneDrive\Desktop\School Stuff\Classes\Term 2\C++\1205 Solution\EmployeeInheritance\assignmentTests.cpp(62,7): error C2059: syntax error: '<<'
C:\Users\ckdev\OneDrive\Desktop\School Stuff\Classes\Term 2\C++\1205 Solution\EmployeeInheritance\assignmentTests.cpp(66,6): error C2143: syntax error: missing ';' before '<<'
C:\Users\ckdev\OneDrive\Desktop\School Stuff\Classes\Term 2\C++\1205 Solution\EmployeeInheritance\assignmentTests.cpp(66,2): error C4430: missing type specifier - int assumed. Note: C++ does not support default-int
C:\Users\ckdev\OneDrive\Desktop\School Stuff\Classes\Term 2\C++\1205 Solution\EmployeeInheritance\assignmentTests.cpp(66,2): error C2086: 'int cout': redefinition
C:\Users\ckdev\OneDrive\Desktop\School Stuff\Classes\Term 2\C++\1205 Solution\EmployeeInheritance\assignmentTests.cpp(66,6): error C2059: syntax error: '<<'
C:\Users\ckdev\OneDrive\Desktop\School Stuff\Classes\Term 2\C++\1205 Solution\EmployeeInheritance\assignmentTests.cpp(69,7): error C2143: syntax error: missing ';' before '<<'
C:\Users\ckdev\OneDrive\Desktop\School Stuff\Classes\Term 2\C++\1205 Solution\EmployeeInheritance\assignmentTests.cpp(69,2): error C4430: missing type specifier - int assumed. Note: C++ does not support default-int
C:\Users\ckdev\OneDrive\Desktop\School Stuff\Classes\Term 2\C++\1205 Solution\EmployeeInheritance\assignmentTests.cpp(69,2): error C2086: 'int cout': redefinition
C:\Users\ckdev\OneDrive\Desktop\School Stuff\Classes\Term 2\C++\1205 Solution\EmployeeInheritance\assignmentTests.cpp(69,7): error C2059: syntax error: '<<'
C:\Users\ckdev\OneDrive\Desktop\School Stuff\Classes\Term 2\C++\1205 Solution\EmployeeInheritance\assignmentTests.cpp(72,6): error C2143: syntax error: missing ';' before '<<'
C:\Users\ckdev\OneDrive\Desktop\School Stuff\Classes\Term 2\C++\1205 Solution\EmployeeInheritance\assignmentTests.cpp(72,2): error C4430: missing type specifier - int assumed. Note: C++ does not support default-int
C:\Users\ckdev\OneDrive\Desktop\School Stuff\Classes\Term 2\C++\1205 Solution\EmployeeInheritance\assignmentTests.cpp(72,2): error C2086: 'int cout': redefinition
C:\Users\ckdev\OneDrive\Desktop\School Stuff\Classes\Term 2\C++\1205 Solution\EmployeeInheritance\assignmentTests.cpp(72,6): error C2059: syntax error: '<<'
C:\Users\ckdev\OneDrive\Desktop\School Stuff\Classes\Term 2\C++\1205 Solution\EmployeeInheritance\assignmentTests.cpp(73,2): error C3927: '->': trailing return type is not allowed after a non-function declarator
C:\Users\ckdev\OneDrive\Desktop\School Stuff\Classes\Term 2\C++\1205 Solution\EmployeeInheritance\assignmentTests.cpp(73,5): error C3484: syntax error: expected '->' before the return type
C:\Users\ckdev\OneDrive\Desktop\School Stuff\Classes\Term 2\C++\1205 Solution\EmployeeInheritance\assignmentTests.cpp(73,6): error C3613: missing return type after '->' ('int' assumed)
C:\Users\ckdev\OneDrive\Desktop\School Stuff\Classes\Term 2\C++\1205 Solution\EmployeeInheritance\assignmentTests.cpp(73,2): error C4430: missing type specifier - int assumed. Note: C++ does not support default-int
C:\Users\ckdev\OneDrive\Desktop\School Stuff\Classes\Term 2\C++\1205 Solution\EmployeeInheritance\assignmentTests.cpp(73,6): error C2146: syntax error: missing ';' before identifier 'ignore'
C:\Users\ckdev\OneDrive\Desktop\School Stuff\Classes\Term 2\C++\1205 Solution\EmployeeInheritance\assignmentTests.cpp(75,2): error C2059: syntax error: 'return'
C:\Users\ckdev\OneDrive\Desktop\School Stuff\Classes\Term 2\C++\1205 Solution\EmployeeInheritance\assignmentTests.cpp(76,1): error C2059: syntax error: '}'
C:\Users\ckdev\OneDrive\Desktop\School Stuff\Classes\Term 2\C++\1205 Solution\EmployeeInheritance\assignmentTests.cpp(76,1): error C2143: syntax error: missing ';' before '}'
C:\Users\ckdev\OneDrive\Desktop\School Stuff\Classes\Term 2\C++\1205 Solution\EmployeeInheritance\Date.cpp(49,20): warning C4018: '<': signed/unsigned mismatch
C:\Users\ckdev\OneDrive\Desktop\School Stuff\Classes\Term 2\C++\1205 Solution\EmployeeInheritance\Date.cpp(57,12): error C2084: function 'bool Date::leapYear(unsigned int)' already has a body
C:\Users\ckdev\OneDrive\Desktop\School Stuff\Classes\Term 2\C++\1205 Solution\EmployeeInheritance\Date.cpp(63,12): error C2084: function 'bool Date::endOfMonth(unsigned int) const' already has a body
C:\Users\ckdev\OneDrive\Desktop\School Stuff\Classes\Term 2\C++\1205 Solution\EmployeeInheritance\Date.cpp(66,28): warning C4551: function call missing argument list
C:\Users\ckdev\OneDrive\Desktop\School Stuff\Classes\Term 2\C++\1205 Solution\EmployeeInheritance\Date.cpp(66,28): error C3867: 'Date::leapYear': non-standard syntax; use '&' to create a pointer to member
C:\Users\ckdev\OneDrive\Desktop\School Stuff\Classes\Term 2\C++\1205 Solution\EmployeeInheritance\Date.cpp(66,28): error C2568: '&&': unable to resolve function overload
C:\Users\ckdev\OneDrive\Desktop\School Stuff\Classes\Term 2\C++\1205 Solution\EmployeeInheritance\Date.cpp(78,11): error C2511: 'int Date::yearsEmployed(void) const': overloaded member function not found in 'Date'
C:\Users\ckdev\OneDrive\Desktop\School Stuff\Classes\Term 2\C++\1205 Solution\EmployeeInheritance\Date.cpp(83,1): error C2059: syntax error: '}'
C:\Users\ckdev\OneDrive\Desktop\School Stuff\Classes\Term 2\C++\1205 Solution\EmployeeInheritance\Date.cpp(83,1): error C2143: syntax error: missing ';' before '}'
C:\Users\ckdev\OneDrive\Desktop\School Stuff\Classes\Term 2\C++\1205 Solution\EmployeeInheritance\Date.cpp(87,1): error C2143: syntax error: missing ';' before '{'
C:\Users\ckdev\OneDrive\Desktop\School Stuff\Classes\Term 2\C++\1205 Solution\EmployeeInheritance\Date.cpp(87,1): error C2447: '{': missing function header (old-style formal list?)
  Generating Code...
